<?xml version="1.0" encoding="UTF-8"?>
<!-- Generated by org.testng.reporters.JUnitReportReporter -->
<testsuite hostname="LAPTOP-COQFRCSP" failures="0" tests="1" name="demo.SeleniumTest" time="58.603" errors="0" timestamp="2023-05-24T07:08:39 IST" skipped="0">
  <testcase classname="demo.SeleniumTest" name="seleniumtest" time="58.603"/>
</testsuite> <!-- demo.SeleniumTest -->
